<?xml version="1.0" encoding="UTF-8"?>
<testng-results ignored="0" total="1" passed="1" failed="0" skipped="0">
  <reporter-output>
  </reporter-output>
  <suite started-at="2020-08-26T15:02:29Z" name="SdetHybrid1" finished-at="2020-08-26T15:02:49Z" duration-ms="20085">
    <groups>
    </groups>
    <test started-at="2020-08-26T15:02:29Z" name="BankingApp Test" finished-at="2020-08-26T15:02:49Z" duration-ms="20085">
      <class name="com.SdetHybrid1.testCases.TC_AddCustomerTest_003">
        <test-method is-config="true" signature="setup(java.lang.String)[pri:0, instance:com.SdetHybrid1.testCases.TC_AddCustomerTest_003@25ce9dc4]" started-at="2020-08-26T15:02:29Z" name="setup" finished-at="2020-08-26T15:02:32Z" duration-ms="3234" status="PASS">
          <params>
            <param index="0">
              <value>
                <![CDATA[chrome]]>
              </value>
            </param>
          </params>
          <reporter-output>
          </reporter-output>
        </test-method> <!-- setup -->
        <test-method signature="addNewCustomer()[pri:0, instance:com.SdetHybrid1.testCases.TC_AddCustomerTest_003@25ce9dc4]" started-at="2020-08-26T15:02:32Z" name="addNewCustomer" finished-at="2020-08-26T15:02:48Z" duration-ms="15934" status="PASS">
          <reporter-output>
          </reporter-output>
        </test-method> <!-- addNewCustomer -->
        <test-method is-config="true" signature="teardown()[pri:0, instance:com.SdetHybrid1.testCases.TC_AddCustomerTest_003@25ce9dc4]" started-at="2020-08-26T15:02:48Z" name="teardown" finished-at="2020-08-26T15:02:49Z" duration-ms="641" status="PASS">
          <reporter-output>
          </reporter-output>
        </test-method> <!-- teardown -->
      </class> <!-- com.SdetHybrid1.testCases.TC_AddCustomerTest_003 -->
    </test> <!-- BankingApp Test -->
  </suite> <!-- SdetHybrid1 -->
</testng-results>
